  asst1.cpp
C:\gfx\Aclass21\AAAssts\asst1\starter\asst1.cpp(177): warning C4244: '=': conversion from 'double' to 'int', possible loss of data
C:\gfx\Aclass21\AAAssts\asst1\starter\asst1.cpp(178): warning C4244: '=': conversion from 'double' to 'int', possible loss of data
C:\gfx\Aclass21\AAAssts\asst1\starter\asst1.cpp(188): warning C4244: '=': conversion from 'double' to 'int', possible loss of data
C:\gfx\Aclass21\AAAssts\asst1\starter\asst1.cpp(189): warning C4244: '=': conversion from 'double' to 'int', possible loss of data
C:\gfx\Aclass21\AAAssts\asst1\starter\asst1.cpp(207): warning C4244: 'initializing': conversion from 'double' to 'int', possible loss of data
C:\gfx\Aclass21\AAAssts\asst1\starter\asst1.cpp(207): warning C4244: 'initializing': conversion from 'double' to 'const int', possible loss of data
C:\gfx\Aclass21\AAAssts\asst1\starter\asst1.cpp(208): warning C4244: 'initializing': conversion from 'double' to 'int', possible loss of data
C:\gfx\Aclass21\AAAssts\asst1\starter\asst1.cpp(208): warning C4244: 'initializing': conversion from 'double' to 'const int', possible loss of data
C:\gfx\Aclass21\AAAssts\asst1\starter\asst1.cpp(214): warning C4244: 'initializing': conversion from 'double' to 'float', possible loss of data
C:\gfx\Aclass21\AAAssts\asst1\starter\asst1.cpp(279): warning C4305: 'argument': truncation from 'double' to 'GLclampf'
  glsupport.cpp
C:\gfx\Aclass21\AAAssts\asst1\starter\glsupport.cpp(33): warning C4244: 'initializing': conversion from 'std::streamoff' to 'size_t', possible loss of data
  ppm.cpp
LINK : warning LNK4098: defaultlib 'LIBCMT' conflicts with use of other libs; use /NODEFAULTLIB:library
  Generating code
  Previous IPDB not found, fall back to full compilation.
  All 438 functions were compiled because no usable IPDB/IOBJ from previous compilation was found.
  Finished generating code
glew32s.lib(glew.obj) : warning LNK4099: PDB 'vc120.pdb' was not found with 'glew32s.lib(glew.obj)' or at 'C:\gfx\Aclass21\AAAssts\asst1\starter\Release\vc120.pdb'; linking object as if no debug info
  asst1.vcxproj -> C:\gfx\Aclass21\AAAssts\asst1\starter\Release\asst1.exe
